\BOOKMARK [0][-]{chapter.1}{\376\377\000I\000n\000t\000r\000o\000d\000u\000c\000t\000i\000o\000n}{}% 1
\BOOKMARK [1][-]{section.1.1}{\376\377\000P\000r\000o\000j\000e\000c\000t\000\040\000C\000o\000n\000t\000e\000x\000t}{chapter.1}% 2
\BOOKMARK [1][-]{section.1.2}{\376\377\000M\000o\000t\000i\000v\000a\000t\000i\000o\000n}{chapter.1}% 3
\BOOKMARK [1][-]{section.1.3}{\376\377\000O\000b\000j\000e\000c\000t\000i\000v\000e\000s\000\040\000o\000f\000\040\000t\000h\000e\000\040\000P\000r\000o\000j\000e\000c\000t}{chapter.1}% 4
\BOOKMARK [1][-]{section.1.4}{\376\377\000C\000o\000n\000t\000r\000i\000b\000u\000t\000i\000o\000n\000s\000\040\000o\000f\000\040\000T\000h\000i\000s\000\040\000R\000e\000p\000o\000r\000t}{chapter.1}% 5
\BOOKMARK [0][-]{chapter.2}{\376\377\000B\000a\000c\000k\000g\000r\000o\000u\000n\000d\000\040\000o\000n\000\040\000S\000y\000m\000b\000o\000l\000i\000c\000\040\000C\000o\000n\000t\000r\000o\000l}{}% 6
\BOOKMARK [1][-]{section.2.1}{\376\377\000C\000o\000n\000t\000i\000n\000u\000o\000u\000s\000\040\000v\000s\000.\000\040\000S\000y\000m\000b\000o\000l\000i\000c\000\040\000M\000o\000d\000e\000l\000s}{chapter.2}% 7
\BOOKMARK [1][-]{section.2.2}{\376\377\000S\000y\000m\000b\000o\000l\000i\000c\000\040\000A\000b\000s\000t\000r\000a\000c\000t\000i\000o\000n\000\040\000P\000i\000p\000e\000l\000i\000n\000e}{chapter.2}% 8
\BOOKMARK [1][-]{section.2.3}{\376\377\000T\000y\000p\000e\000s\000\040\000o\000f\000\040\000S\000p\000e\000c\000i\000f\000i\000c\000a\000t\000i\000o\000n\000s}{chapter.2}% 9
\BOOKMARK [0][-]{chapter.3}{\376\377\000C\000o\000n\000t\000i\000n\000u\000o\000u\000s\000\040\000S\000y\000s\000t\000e\000m\000\040\000M\000o\000d\000e\000l\000l\000i\000n\000g}{}% 10
\BOOKMARK [1][-]{section.3.1}{\376\377\000D\000y\000n\000a\000m\000i\000c\000s}{chapter.3}% 11
\BOOKMARK [1][-]{section.3.2}{\376\377\000B\000o\000u\000n\000d\000e\000d\000\040\000S\000e\000t\000s}{chapter.3}% 12
\BOOKMARK [1][-]{section.3.3}{\376\377\000A\000s\000s\000u\000m\000p\000t\000i\000o\000n\000s}{chapter.3}% 13
\BOOKMARK [0][-]{chapter.4}{\376\377\000D\000i\000s\000c\000r\000e\000t\000i\000s\000a\000t\000i\000o\000n\000\040\000o\000f\000\040\000S\000t\000a\000t\000e\000\040\000a\000n\000d\000\040\000C\000o\000n\000t\000r\000o\000l\000\040\000S\000p\000a\000c\000e\000s}{}% 14
\BOOKMARK [1][-]{section.4.1}{\376\377\000S\000t\000a\000t\000e\000-\000S\000p\000a\000c\000e\000\040\000G\000r\000i\000d}{chapter.4}% 15
\BOOKMARK [1][-]{section.4.2}{\376\377\000C\000o\000o\000r\000d\000i\000n\000a\000t\000e\040\023\000I\000n\000d\000e\000x\000\040\000M\000a\000p\000p\000i\000n\000g}{chapter.4}% 16
\BOOKMARK [1][-]{section.4.3}{\376\377\000C\000o\000n\000t\000r\000o\000l\000\040\000D\000i\000s\000c\000r\000e\000t\000i\000s\000a\000t\000i\000o\000n}{chapter.4}% 17
\BOOKMARK [1][-]{section.4.4}{\376\377\000T\000r\000a\000d\000e\000-\000O\000f\000f\000:\000\040\000P\000r\000e\000c\000i\000s\000i\000o\000n\000\040\000v\000s\000.\000\040\000C\000o\000m\000p\000l\000e\000x\000i\000t\000y}{chapter.4}% 18
\BOOKMARK [0][-]{chapter.5}{\376\377\000S\000y\000m\000b\000o\000l\000i\000c\000\040\000A\000b\000s\000t\000r\000a\000c\000t\000i\000o\000n\000\040\000\050\000T\000r\000a\000n\000s\000i\000t\000i\000o\000n\000\040\000S\000y\000s\000t\000e\000m\000\051}{}% 19
\BOOKMARK [1][-]{section.5.1}{\376\377\000R\000e\000a\000c\000h\000a\000b\000l\000e\000\040\000S\000e\000t\000\040\000A\000p\000p\000r\000o\000x\000i\000m\000a\000t\000i\000o\000n}{chapter.5}% 20
\BOOKMARK [1][-]{section.5.2}{\376\377\000C\000o\000m\000p\000u\000t\000i\000n\000g\000\040\000S\000u\000c\000c\000e\000s\000s\000o\000r\000\040\000R\000a\000n\000g\000e}{chapter.5}% 21
\BOOKMARK [1][-]{section.5.3}{\376\377\000S\000p\000e\000c\000i\000a\000l\000\040\000C\000a\000s\000e\000:\000\040\000A\000n\000g\000u\000l\000a\000r\000\040\000W\000r\000a\000p\000a\000r\000o\000u\000n\000d}{chapter.5}% 22
\BOOKMARK [1][-]{section.5.4}{\376\377\000T\000r\000a\000n\000s\000i\000t\000i\000o\000n\000\040\000T\000e\000n\000s\000o\000r}{chapter.5}% 23
\BOOKMARK [0][-]{chapter.6}{\376\377\000S\000o\000f\000t\000w\000a\000r\000e\000\040\000A\000r\000c\000h\000i\000t\000e\000c\000t\000u\000r\000e\000\040\000a\000n\000d\000\040\000D\000a\000t\000a\000\040\000S\000t\000r\000u\000c\000t\000u\000r\000e\000s}{}% 24
\BOOKMARK [1][-]{section.6.1}{\376\377\000C\000o\000d\000e\000\040\000S\000t\000r\000u\000c\000t\000u\000r\000e}{chapter.6}% 25
\BOOKMARK [1][-]{section.6.2}{\376\377\000D\000a\000t\000a\000\040\000S\000t\000r\000u\000c\000t\000u\000r\000e\000s}{chapter.6}% 26
\BOOKMARK [1][-]{section.6.3}{\376\377\000C\000o\000m\000p\000u\000t\000a\000t\000i\000o\000n\000a\000l\000\040\000C\000o\000m\000p\000l\000e\000x\000i\000t\000y}{chapter.6}% 27
\BOOKMARK [1][-]{section.6.4}{\376\377\000R\000e\000p\000r\000e\000s\000e\000n\000t\000a\000t\000i\000v\000e\000\040\000P\000a\000r\000a\000m\000e\000t\000e\000r\000s}{chapter.6}% 28
\BOOKMARK [0][-]{chapter.7}{\376\377\000P\000e\000r\000f\000o\000r\000m\000a\000n\000c\000e\000\040\000O\000p\000t\000i\000m\000i\000z\000a\000t\000i\000o\000n\000s\000\040\000a\000n\000d\000\040\000I\000m\000p\000l\000e\000m\000e\000n\000t\000a\000t\000i\000o\000n\000\040\000I\000m\000p\000r\000o\000v\000e\000m\000e\000n\000t\000s}{}% 29
\BOOKMARK [1][-]{section.7.1}{\376\377\000O\000p\000t\000i\000m\000i\000z\000a\000t\000i\000o\000n\000\040\000L\000e\000v\000e\000l\000\040\0001\000:\000\040\000C\000o\000r\000r\000e\000c\000t\000n\000e\000s\000s\000\040\000F\000i\000x\000\040\040\023\000\040\000L\000a\000b\000e\000l\000\040\000A\000c\000c\000u\000m\000u\000l\000a\000t\000i\000o\000n}{chapter.7}% 30
\BOOKMARK [1][-]{section.7.2}{\376\377\000O\000p\000t\000i\000m\000i\000z\000a\000t\000i\000o\000n\000\040\000L\000e\000v\000e\000l\000\040\0002\000:\000\040\000C\000o\000n\000f\000i\000g\000u\000r\000a\000t\000i\000o\000n\000-\000B\000a\000s\000e\000d\000\040\000M\000o\000d\000e\000l\000\040\000C\000a\000c\000h\000i\000n\000g}{chapter.7}% 31
\BOOKMARK [1][-]{section.7.3}{\376\377\000O\000p\000t\000i\000m\000i\000z\000a\000t\000i\000o\000n\000\040\000L\000e\000v\000e\000l\000\040\0003\000.\0001\000:\000\040\000I\000n\000v\000e\000r\000s\000e\000\040\000T\000r\000a\000n\000s\000i\000t\000i\000o\000n\000\040\000M\000a\000p\000p\000i\000n\000g\000\040\000f\000o\000r\000\040\000R\000e\000a\000c\000h\000a\000b\000i\000l\000i\000t\000y}{chapter.7}% 32
\BOOKMARK [1][-]{section.7.4}{\376\377\000O\000p\000t\000i\000m\000i\000z\000a\000t\000i\000o\000n\000\040\000L\000e\000v\000e\000l\000\040\0003\000.\0002\000:\000\040\000P\000r\000o\000g\000r\000e\000s\000s\000\040\000L\000o\000g\000g\000i\000n\000g\000\040\000a\000n\000d\000\040\000E\000a\000r\000l\000y\000\040\000T\000e\000r\000m\000i\000n\000a\000t\000i\000o\000n}{chapter.7}% 33
\BOOKMARK [1][-]{section.7.5}{\376\377\000O\000p\000t\000i\000m\000i\000z\000a\000t\000i\000o\000n\000\040\000L\000e\000v\000e\000l\000\040\0003\000.\0003\000:\000\040\000T\000r\000a\000n\000s\000i\000t\000i\000o\000n\000\040\000R\000e\000s\000u\000l\000t\000\040\000C\000a\000c\000h\000i\000n\000g}{chapter.7}% 34
\BOOKMARK [1][-]{section.7.6}{\376\377\000O\000p\000t\000i\000m\000i\000z\000a\000t\000i\000o\000n\000\040\000L\000e\000v\000e\000l\000\040\0004\000:\000\040\000N\000u\000m\000P\000y\000\040\000V\000e\000c\000t\000o\000r\000i\000z\000a\000t\000i\000o\000n\000\040\000o\000f\000\040\000F\000i\000x\000e\000d\000-\000P\000o\000i\000n\000t\000\040\000I\000t\000e\000r\000a\000t\000i\000o\000n}{chapter.7}% 35
\BOOKMARK [1][-]{section.7.7}{\376\377\000C\000o\000m\000b\000i\000n\000e\000d\000\040\000I\000m\000p\000a\000c\000t\000:\000\040\000T\000o\000t\000a\000l\000\040\000S\000p\000e\000e\000d\000u\000p}{chapter.7}% 36
\BOOKMARK [1][-]{section.7.8}{\376\377\000I\000m\000p\000l\000e\000m\000e\000n\000t\000a\000t\000i\000o\000n\000\040\000C\000o\000r\000r\000e\000c\000t\000n\000e\000s\000s}{chapter.7}% 37
\BOOKMARK [1][-]{section.7.9}{\376\377\000R\000e\000c\000o\000m\000m\000e\000n\000d\000a\000t\000i\000o\000n\000s}{chapter.7}% 38
\BOOKMARK [0][-]{chapter.8}{\376\377\000N\000u\000m\000e\000r\000i\000c\000a\000l\000\040\000E\000x\000p\000e\000r\000i\000m\000e\000n\000t\000s\000\040\000a\000n\000d\000\040\000I\000l\000l\000u\000s\000t\000r\000a\000t\000i\000v\000e\000\040\000S\000c\000e\000n\000a\000r\000i\000o\000s}{}% 39
\BOOKMARK [1][-]{section.8.1}{\376\377\000I\000l\000l\000u\000s\000t\000r\000a\000t\000i\000v\000e\000\040\000S\000c\000e\000n\000a\000r\000i\000o\000s}{chapter.8}% 40
\BOOKMARK [1][-]{section.8.2}{\376\377\000F\000i\000g\000u\000r\000e\000\040\000P\000l\000a\000c\000e\000h\000o\000l\000d\000e\000r\000s}{chapter.8}% 41
\BOOKMARK [0][-]{chapter.9}{\376\377\000D\000i\000s\000c\000u\000s\000s\000i\000o\000n\000\040\000a\000n\000d\000\040\000C\000o\000n\000c\000l\000u\000s\000i\000o\000n}{}% 42
\BOOKMARK [1][-]{section.9.1}{\376\377\000D\000i\000s\000c\000u\000s\000s\000i\000o\000n}{chapter.9}% 43
\BOOKMARK [1][-]{section.9.2}{\376\377\000C\000o\000n\000c\000l\000u\000s\000i\000o\000n}{chapter.9}% 44
